生成启动时间为 2019/1/1 15:27:48。
     1>项目“D:\Code\OpenGLTest\OpenGLTest\Src\LearnOpenGl\LearnOpenGl\LearnOpenGl.vcxproj”在节点 2 上(Build 个目标)。
     1>ClCompile:
         C:\Program Files (x86)\Microsoft Visual Studio 12.0\VC\bin\CL.exe /c /I..\..\..\include /I.\utils /I. /ZI /nologo /W3 /WX- /sdl /Od /Oy- /D _MBCS /Gm /EHsc /RTC1 /MDd /GS /fp:precise /Zc:wchar_t /Zc:forScope /Fo"Debug\\" /Fd"Debug\vc120.pdb" /Gd /TP /analyze- /errorReport:prompt CubeDemo.cpp
         CubeDemo.cpp
     1>d:\code\opengltest\opengltest\include\glm\core\func_common.hpp : warning C4819: 该文件包含不能在当前代码页(936)中表示的字符。请将该文件保存为 Unicode 格式以防止数据丢失
     1>d:\code\opengltest\opengltest\include\glm\core\func_common.inl : warning C4819: 该文件包含不能在当前代码页(936)中表示的字符。请将该文件保存为 Unicode 格式以防止数据丢失
     1>d:\code\opengltest\opengltest\include\glm\core\func_integer.hpp : warning C4819: 该文件包含不能在当前代码页(936)中表示的字符。请将该文件保存为 Unicode 格式以防止数据丢失
     1>d:\code\opengltest\opengltest\src\learnopengl\learnopengl\cubedemo.cpp(23): warning C4244: “=”: 从“double”转换到“GLfloat”，可能丢失数据
     1>d:\code\opengltest\opengltest\src\learnopengl\learnopengl\cubedemo.cpp(24): warning C4244: “=”: 从“double”转换到“GLfloat”，可能丢失数据
     1>d:\code\opengltest\opengltest\src\learnopengl\learnopengl\cubedemo.cpp(28): warning C4244: “初始化”: 从“double”转换到“GLfloat”，可能丢失数据
     1>d:\code\opengltest\opengltest\src\learnopengl\learnopengl\cubedemo.cpp(29): warning C4244: “初始化”: 从“double”转换到“GLfloat”，可能丢失数据
     1>d:\code\opengltest\opengltest\src\learnopengl\learnopengl\cubedemo.cpp(30): warning C4244: “=”: 从“double”转换到“GLfloat”，可能丢失数据
     1>d:\code\opengltest\opengltest\src\learnopengl\learnopengl\cubedemo.cpp(31): warning C4244: “=”: 从“double”转换到“GLfloat”，可能丢失数据
     1>d:\code\opengltest\opengltest\src\learnopengl\learnopengl\cubedemo.cpp(33): warning C4305: “初始化”: 从“double”到“GLfloat”截断
     1>d:\code\opengltest\opengltest\src\learnopengl\learnopengl\cubedemo.cpp(56): warning C4244: “-=”: 从“double”转换到“float”，可能丢失数据
     1>d:\code\opengltest\opengltest\src\learnopengl\learnopengl\cubedemo.cpp(217): warning C4244: “初始化”: 从“double”转换到“GLfloat”，可能丢失数据
       Link:
         C:\Program Files (x86)\Microsoft Visual Studio 12.0\VC\bin\link.exe /ERRORREPORT:PROMPT /OUT:"D:\Code\OpenGLTest\OpenGLTest\Src\LearnOpenGl\Debug\LearnOpenGl.exe" /INCREMENTAL /NOLOGO /LIBPATH:..\..\..\Libs glfw3.lib opengl32.lib glew32s.lib SOIL.lib kernel32.lib user32.lib gdi32.lib winspool.lib comdlg32.lib advapi32.lib shell32.lib ole32.lib oleaut32.lib uuid.lib odbc32.lib odbccp32.lib /MANIFEST /MANIFESTUAC:"level='asInvoker' uiAccess='false'" /manifest:embed /DEBUG /PDB:"D:\Code\OpenGLTest\OpenGLTest\Src\LearnOpenGl\Debug\LearnOpenGl.pdb" /TLBID:1 /DYNAMICBASE /NXCOMPAT /IMPLIB:"D:\Code\OpenGLTest\OpenGLTest\Src\LearnOpenGl\Debug\LearnOpenGl.lib" /MACHINE:X86 Debug\Camera.obj
         Debug\CubeDemo.obj
         Debug\DemoBase.obj
         Debug\GLView.obj
         Debug\main.obj
         Debug\ShaderMgr.obj
         Debug\TexDemo.obj
         Debug\TriangeDemo.obj
         Debug\FileUtils.obj
         Debug\ResCache.obj
     1>LINK : warning LNK4098: 默认库“LIBCMT”与其他库的使用冲突；请使用 /NODEFAULTLIB:library
     1>ShaderMgr.obj : warning LNK4049: 已导入本地定义的符号 ___glewAttachShader
     1>ShaderMgr.obj : warning LNK4049: 已导入本地定义的符号 ___glewCompileShader
     1>ShaderMgr.obj : warning LNK4049: 已导入本地定义的符号 ___glewCreateProgram
     1>ShaderMgr.obj : warning LNK4049: 已导入本地定义的符号 ___glewCreateShader
     1>ShaderMgr.obj : warning LNK4049: 已导入本地定义的符号 ___glewDeleteShader
     1>ShaderMgr.obj : warning LNK4049: 已导入本地定义的符号 ___glewGetProgramInfoLog
     1>ShaderMgr.obj : warning LNK4049: 已导入本地定义的符号 ___glewGetProgramiv
     1>ShaderMgr.obj : warning LNK4049: 已导入本地定义的符号 ___glewGetShaderInfoLog
     1>ShaderMgr.obj : warning LNK4049: 已导入本地定义的符号 ___glewGetShaderiv
     1>ShaderMgr.obj : warning LNK4049: 已导入本地定义的符号 ___glewGetUniformLocation
     1>ShaderMgr.obj : warning LNK4049: 已导入本地定义的符号 ___glewLinkProgram
     1>ShaderMgr.obj : warning LNK4049: 已导入本地定义的符号 ___glewShaderSource
     1>ShaderMgr.obj : warning LNK4049: 已导入本地定义的符号 ___glewUniform1f
     1>ShaderMgr.obj : warning LNK4049: 已导入本地定义的符号 ___glewUniform1i
     1>ShaderMgr.obj : warning LNK4049: 已导入本地定义的符号 ___glewUseProgram
     1>glfw3.lib(context.obj) : warning LNK4099: 未找到 PDB“vc120.pdb”(使用“glfw3.lib(context.obj)”或在“D:\Code\OpenGLTest\OpenGLTest\Src\LearnOpenGl\Debug\vc120.pdb”中寻找)；正在链接对象，如同没有调试信息一样
     1>glfw3.lib(init.obj) : warning LNK4099: 未找到 PDB“vc120.pdb”(使用“glfw3.lib(init.obj)”或在“D:\Code\OpenGLTest\OpenGLTest\Src\LearnOpenGl\Debug\vc120.pdb”中寻找)；正在链接对象，如同没有调试信息一样
     1>glfw3.lib(input.obj) : warning LNK4099: 未找到 PDB“vc120.pdb”(使用“glfw3.lib(input.obj)”或在“D:\Code\OpenGLTest\OpenGLTest\Src\LearnOpenGl\Debug\vc120.pdb”中寻找)；正在链接对象，如同没有调试信息一样
     1>glfw3.lib(monitor.obj) : warning LNK4099: 未找到 PDB“vc120.pdb”(使用“glfw3.lib(monitor.obj)”或在“D:\Code\OpenGLTest\OpenGLTest\Src\LearnOpenGl\Debug\vc120.pdb”中寻找)；正在链接对象，如同没有调试信息一样
     1>glfw3.lib(vulkan.obj) : warning LNK4099: 未找到 PDB“vc120.pdb”(使用“glfw3.lib(vulkan.obj)”或在“D:\Code\OpenGLTest\OpenGLTest\Src\LearnOpenGl\Debug\vc120.pdb”中寻找)；正在链接对象，如同没有调试信息一样
     1>glfw3.lib(window.obj) : warning LNK4099: 未找到 PDB“vc120.pdb”(使用“glfw3.lib(window.obj)”或在“D:\Code\OpenGLTest\OpenGLTest\Src\LearnOpenGl\Debug\vc120.pdb”中寻找)；正在链接对象，如同没有调试信息一样
     1>glfw3.lib(win32_init.obj) : warning LNK4099: 未找到 PDB“vc120.pdb”(使用“glfw3.lib(win32_init.obj)”或在“D:\Code\OpenGLTest\OpenGLTest\Src\LearnOpenGl\Debug\vc120.pdb”中寻找)；正在链接对象，如同没有调试信息一样
     1>glfw3.lib(win32_joystick.obj) : warning LNK4099: 未找到 PDB“vc120.pdb”(使用“glfw3.lib(win32_joystick.obj)”或在“D:\Code\OpenGLTest\OpenGLTest\Src\LearnOpenGl\Debug\vc120.pdb”中寻找)；正在链接对象，如同没有调试信息一样
     1>glfw3.lib(win32_monitor.obj) : warning LNK4099: 未找到 PDB“vc120.pdb”(使用“glfw3.lib(win32_monitor.obj)”或在“D:\Code\OpenGLTest\OpenGLTest\Src\LearnOpenGl\Debug\vc120.pdb”中寻找)；正在链接对象，如同没有调试信息一样
     1>glfw3.lib(win32_time.obj) : warning LNK4099: 未找到 PDB“vc120.pdb”(使用“glfw3.lib(win32_time.obj)”或在“D:\Code\OpenGLTest\OpenGLTest\Src\LearnOpenGl\Debug\vc120.pdb”中寻找)；正在链接对象，如同没有调试信息一样
     1>glfw3.lib(win32_tls.obj) : warning LNK4099: 未找到 PDB“vc120.pdb”(使用“glfw3.lib(win32_tls.obj)”或在“D:\Code\OpenGLTest\OpenGLTest\Src\LearnOpenGl\Debug\vc120.pdb”中寻找)；正在链接对象，如同没有调试信息一样
     1>glfw3.lib(win32_window.obj) : warning LNK4099: 未找到 PDB“vc120.pdb”(使用“glfw3.lib(win32_window.obj)”或在“D:\Code\OpenGLTest\OpenGLTest\Src\LearnOpenGl\Debug\vc120.pdb”中寻找)；正在链接对象，如同没有调试信息一样
     1>glfw3.lib(wgl_context.obj) : warning LNK4099: 未找到 PDB“vc120.pdb”(使用“glfw3.lib(wgl_context.obj)”或在“D:\Code\OpenGLTest\OpenGLTest\Src\LearnOpenGl\Debug\vc120.pdb”中寻找)；正在链接对象，如同没有调试信息一样
     1>glfw3.lib(egl_context.obj) : warning LNK4099: 未找到 PDB“vc120.pdb”(使用“glfw3.lib(egl_context.obj)”或在“D:\Code\OpenGLTest\OpenGLTest\Src\LearnOpenGl\Debug\vc120.pdb”中寻找)；正在链接对象，如同没有调试信息一样
     1>glew32s.lib(glew.obj) : warning LNK4099: 未找到 PDB“vc120.pdb”(使用“glew32s.lib(glew.obj)”或在“D:\Code\OpenGLTest\OpenGLTest\Src\LearnOpenGl\Debug\vc120.pdb”中寻找)；正在链接对象，如同没有调试信息一样
     1>SOIL.lib(image_DXT.obj) : warning LNK4099: 未找到 PDB“vc120.pdb”(使用“SOIL.lib(image_DXT.obj)”或在“D:\Code\OpenGLTest\OpenGLTest\Src\LearnOpenGl\Debug\vc120.pdb”中寻找)；正在链接对象，如同没有调试信息一样
     1>SOIL.lib(image_helper.obj) : warning LNK4099: 未找到 PDB“vc120.pdb”(使用“SOIL.lib(image_helper.obj)”或在“D:\Code\OpenGLTest\OpenGLTest\Src\LearnOpenGl\Debug\vc120.pdb”中寻找)；正在链接对象，如同没有调试信息一样
     1>SOIL.lib(SOIL.obj) : warning LNK4099: 未找到 PDB“vc120.pdb”(使用“SOIL.lib(SOIL.obj)”或在“D:\Code\OpenGLTest\OpenGLTest\Src\LearnOpenGl\Debug\vc120.pdb”中寻找)；正在链接对象，如同没有调试信息一样
     1>SOIL.lib(stb_image_aug.obj) : warning LNK4099: 未找到 PDB“vc120.pdb”(使用“SOIL.lib(stb_image_aug.obj)”或在“D:\Code\OpenGLTest\OpenGLTest\Src\LearnOpenGl\Debug\vc120.pdb”中寻找)；正在链接对象，如同没有调试信息一样
         LearnOpenGl.vcxproj -> D:\Code\OpenGLTest\OpenGLTest\Src\LearnOpenGl\Debug\LearnOpenGl.exe
     1>已完成生成项目“D:\Code\OpenGLTest\OpenGLTest\Src\LearnOpenGl\LearnOpenGl\LearnOpenGl.vcxproj”(Build 个目标)的操作。

生成成功。

已用时间 00:00:00.82
