生成启动时间为 2017/4/7 16:43:41。
     1>项目“D:\Code\learnOpenGL\glfw-build\examples\simple.vcxproj”在节点 5 上(Build 个目标)。
     1>CustomBuild:
         Building Custom Rule D:/Code/learnOpenGL/glfw-3.2.1/glfw-3.2.1/examples/CMakeLists.txt
         CMake does not need to re-run because D:\Code\learnOpenGL\glfw-build\examples\CMakeFiles\generate.stamp is up-to-date.
       ClCompile:
         C:\Program Files (x86)\Microsoft Visual Studio 12.0\VC\bin\CL.exe /c /I"D:\Code\learnOpenGL\glfw-3.2.1\glfw-3.2.1\deps" /I"D:\Code\learnOpenGL\glfw-3.2.1\glfw-3.2.1\include" /Zi /nologo /W3 /WX- /Od /Ob0 /Oy- /D WIN32 /D _WINDOWS /D _DEBUG /D _CRT_SECURE_NO_WARNINGS /D "CMAKE_INTDIR=\"Debug\"" /D _MBCS /Gm- /RTC1 /MDd /GS /fp:precise /Zc:wchar_t /Zc:forScope /Fo"simple.dir\Debug\\" /Fd"simple.dir\Debug\vc120.pdb" /Gd /TC /analyze- /errorReport:prompt "D:\Code\learnOpenGL\glfw-3.2.1\glfw-3.2.1\examples\simple.c" "D:\Code\learnOpenGL\glfw-3.2.1\glfw-3.2.1\deps\glad.c"
         simple.c
         glad.c
         正在生成代码...
       ResourceCompile:
         C:\Program Files (x86)\Windows Kits\8.1\bin\x86\rc.exe /D WIN32 /D _WINDOWS /D _DEBUG /D _CRT_SECURE_NO_WARNINGS /D "CMAKE_INTDIR=\\\"Debug\\\"" /l"0x0409" /I"D:\Code\learnOpenGL\glfw-3.2.1\glfw-3.2.1\deps" /I"D:\Code\learnOpenGL\glfw-3.2.1\glfw-3.2.1\include" /nologo /fo"simple.dir\Debug\glfw.res" D:\Code\learnOpenGL\glfw-3.2.1\glfw-3.2.1\examples\glfw.rc 
       Link:
         C:\Program Files (x86)\Microsoft Visual Studio 12.0\VC\bin\link.exe /ERRORREPORT:PROMPT /OUT:"D:\Code\learnOpenGL\glfw-build\examples\Debug\simple.exe" /INCREMENTAL /NOLOGO kernel32.lib user32.lib gdi32.lib winspool.lib shell32.lib ole32.lib oleaut32.lib uuid.lib comdlg32.lib advapi32.lib ..\src\Debug\glfw3.lib /MANIFEST /MANIFESTUAC:"level='asInvoker' uiAccess='false'" /manifest:embed /DEBUG /PDB:"D:/Code/learnOpenGL/glfw-build/examples/Debug/simple.pdb" /SUBSYSTEM:WINDOWS /TLBID:1 /ENTRY:"mainCRTStartup" /DYNAMICBASE /NXCOMPAT /IMPLIB:"D:/Code/learnOpenGL/glfw-build/examples/Debug/simple.lib" /MACHINE:X86 /SAFESEH  /machine:X86 /debug simple.dir\Debug\glfw.res
         simple.dir\Debug\simple.obj
         simple.dir\Debug\glad.obj
         simple.vcxproj -> D:\Code\learnOpenGL\glfw-build\examples\Debug\simple.exe
     1>已完成生成项目“D:\Code\learnOpenGL\glfw-build\examples\simple.vcxproj”(Build 个目标)的操作。

生成成功。

已用时间 00:00:02.65
